This is XeTeX, Version 3.141592653-2.6-0.999994 (TeX Live 2022) (preloaded format=xelatex 2023.3.12)  13 MAR 2023 00:23
entering extended mode
 restricted \write18 enabled.
 %&-line parsing enabled.
**/Users/a182501/rproject/cfps/preamble.tex
(/Users/a182501/rproject/cfps/preamble.tex
LaTeX2e <2022-11-01> patch level 1
L3 programming layer <2023-02-22>

! LaTeX Error: \usepackage before \documentclass.

See the LaTeX manual or LaTeX Companion for explanation.
Type  H <return>  for immediate help.
 ...                                              
                                                  
l.1 \usepackage{
                booktabs} 
Here is how much of TeX's memory you used:
 17 strings out of 478683
 528 string characters out of 5848124
 1842018 words of memory out of 5000000
 20230 multiletter control sequences out of 15000+600000
 512287 words of font info for 32 fonts, out of 8000000 for 9000
 14 hyphenation exceptions out of 8191
 12i,0n,12p,94b,14s stack positions out of 10000i,1000n,20000p,200000b,200000s

No pages of output.
