-------------------------------------------------------------------------------
      name:  <unnamed>
       log:  C:\Users\Bruce\Dropbox\Econometrics\programsnew\figure15_1.smcl
  log type:  smcl
 opened on:  13 Jul 2021, 03:35:46

. irf table oirf, impulse(y3) response(y1) 

             Results from var1

+--------------------------------------------+
|        |    (1)         (1)         (1)    |
|  step  |   oirf       Lower       Upper    |
|--------+-----------------------------------|
|0       | 0           0           0         |
|1       | .022584     -.064103    .109271   |
|2       | -.222554    -.311618    -.133491  |
|3       | -.090975    -.182539    .00059    |
|4       | -.085704    -.175385    .003978   |
|5       | -.140088    -.230279    -.049896  |
|6       | -.055576    -.12083     .009678   |
|7       | -.041448    -.100135    .017239   |
|8       | -.041102    -.097668    .015463   |
|9       | .009981     -.041935    .061897   |
|10      | .00738      -.04272     .057481   |
|11      | .017421     -.026968    .06181    |
|12      | .040608     -.000582    .081797   |
|13      | .028671     -.007329    .064672   |
|14      | .034081     .002294     .065867   |
|15      | .036896     .006966     .066826   |
|16      | .026697     -.000908    .054302   |
|17      | .026211     .00026      .052161   |
|18      | .022596     -.001476    .046667   |
|19      | .015151     -.007231    .037533   |
|20      | .014719     -.006877    .036314   |
+--------------------------------------------+
95% lower and upper bounds reported
(1) irfname = var1, impulse = y3, and response = y1

. irf table coirf, impulse(y3) response(y1)

             Results from var1

+--------------------------------------------+
|        |    (1)         (1)         (1)    |
|  step  |  coirf       Lower       Upper    |
|--------+-----------------------------------|
|0       | 0           0           0         |
|1       | .022584     -.064103    .109271   |
|2       | -.19997     -.338878    -.061062  |
|3       | -.290945    -.478201    -.103689  |
|4       | -.376648    -.604223    -.149073  |
|5       | -.516736    -.783583    -.249889  |
|6       | -.572312    -.873369    -.271255  |
|7       | -.61376     -.945052    -.282468  |
|8       | -.654862    -1.01297    -.296751  |
|9       | -.644881    -1.02438    -.265377  |
|10      | -.637501    -1.0326     -.242398  |
|11      | -.62008     -1.02456    -.215598  |
|12      | -.579472    -.987813    -.171131  |
|13      | -.550801    -.960515    -.141087  |
|14      | -.51672     -.925014    -.108426  |
|15      | -.479824    -.884099    -.075549  |
|16      | -.453127    -.853141    -.053113  |
|17      | -.426916    -.822362    -.031471  |
|18      | -.404321    -.796366    -.012275  |
|19      | -.38917     -.7796      .001261   |
|20      | -.374451    -.765201    .016299   |
+--------------------------------------------+
95% lower and upper bounds reported
(1) irfname = var1, impulse = y3, and response = y1

. log close
      name:  <unnamed>
       log:  C:\Users\Bruce\Dropbox\Econometrics\programsnew\figure15_1.smcl
  log type:  smcl
 closed on:  13 Jul 2021, 03:35:46
-------------------------------------------------------------------------------
